[2026-05-09T23:26:39.082Z] LID DETECTADO: 23961740038256@lid
---
[2026-05-09T23:26:39.148Z] {
  "msg": "RESPOSTA EVOLUTION RESOLVE LID",
  "contactInfo": {
    "id": "cmn9gvh300muuph54puta0uy6",
    "remoteJid": "23961740038256@lid",
    "pushName": ".",
    "profilePicUrl": "https://pps.whatsapp.net/v/t61.24694-24/516295768_1406769977747986_1996917056508767651_n.jpg?ccb=11-4&oh=01_Q5Aa4gGkuCoqn1IJcgOhdIwcuSqs1qtXksdMMsYcqUr-0R_U6g&oe=6A0CBD04&_nc_sid=5e03e0&_nc_cat=109",
    "createdAt": "2026-03-27T22:22:21.756Z",
    "updatedAt": "2026-05-09T23:26:38.052Z",
    "instanceId": "508c6dcc-2794-44aa-836a-688b6f9de7ff"
  }
}
---
[2026-05-09T23:26:39.149Z] LID RESOLVIDO: 23961740038256@lid -> 93005406
---
[2026-05-09T23:27:11.361Z] LID DETECTADO: 23961740038256@lid
---
[2026-05-09T23:27:11.406Z] {
  "msg": "RESPOSTA EVOLUTION RESOLVE LID",
  "contactInfo": {
    "id": "cmn9gvh300muuph54puta0uy6",
    "remoteJid": "23961740038256@lid",
    "pushName": ".",
    "profilePicUrl": "https://pps.whatsapp.net/v/t61.24694-24/516295768_1406769977747986_1996917056508767651_n.jpg?ccb=11-4&oh=01_Q5Aa4gGkuCoqn1IJcgOhdIwcuSqs1qtXksdMMsYcqUr-0R_U6g&oe=6A0CBD04&_nc_sid=5e03e0&_nc_cat=109",
    "createdAt": "2026-03-27T22:22:21.756Z",
    "updatedAt": "2026-05-09T23:26:38.052Z",
    "instanceId": "508c6dcc-2794-44aa-836a-688b6f9de7ff"
  }
}
---
[2026-05-09T23:27:11.406Z] LID RESOLVIDO: 23961740038256@lid -> 93005406
---
[2026-05-09T23:27:11.459Z] LID DETECTADO: 23961740038256@lid
---
[2026-05-09T23:27:11.504Z] {
  "msg": "RESPOSTA EVOLUTION RESOLVE LID",
  "contactInfo": {
    "id": "cmn9gvh300muuph54puta0uy6",
    "remoteJid": "23961740038256@lid",
    "pushName": ".",
    "profilePicUrl": "https://pps.whatsapp.net/v/t61.24694-24/516295768_1406769977747986_1996917056508767651_n.jpg?ccb=11-4&oh=01_Q5Aa4gGkuCoqn1IJcgOhdIwcuSqs1qtXksdMMsYcqUr-0R_U6g&oe=6A0CBD04&_nc_sid=5e03e0&_nc_cat=109",
    "createdAt": "2026-03-27T22:22:21.756Z",
    "updatedAt": "2026-05-09T23:26:38.052Z",
    "instanceId": "508c6dcc-2794-44aa-836a-688b6f9de7ff"
  }
}
---
[2026-05-09T23:27:11.504Z] LID RESOLVIDO: 23961740038256@lid -> 93005406
---
[2026-05-09T23:30:05.135Z] LID DETECTADO: 84095610654929@lid
---
[2026-05-09T23:30:05.235Z] {
  "msg": "RESPOSTA EVOLUTION RESOLVE LID",
  "contactInfo": {
    "id": "cmoyv7sq6007dt054qje6h9p5",
    "remoteJid": "84095610654929@lid",
    "pushName": "",
    "profilePicUrl": null,
    "createdAt": "2026-05-09T21:37:48.078Z",
    "updatedAt": "2026-05-09T21:37:48.129Z",
    "instanceId": "508c6dcc-2794-44aa-836a-688b6f9de7ff"
  }
}
---
[2026-05-09T23:30:05.235Z] LID RESOLVIDO: 84095610654929@lid -> 5576007054695
---
[2026-05-09T23:34:38.393Z] LID DETECTADO: 23961740038256@lid
---
[2026-05-09T23:34:38.821Z] {
  "msg": "RESPOSTA EVOLUTION RESOLVE LID",
  "contactInfo": {
    "status": 404,
    "error": "Not Found",
    "response": {
      "message": [
        "Cannot GET /chat/fetchProfile/delplata2026?number=23961740038256@lid"
      ]
    }
  }
}
---
[2026-05-09T23:35:43.185Z] LID DETECTADO: 23961740038256@lid
---
[2026-05-09T23:35:43.231Z] {
  "msg": "RESPOSTA EVOLUTION RESOLVE LID",
  "contactInfo": null
}
---
[2026-05-09T23:37:43.341Z] LID DETECTADO: 23961740038256@lid
---
[2026-05-09T23:37:43.371Z] {
  "msg": "RESPOSTA EVOLUTION RESOLVE LID",
  "contactInfo": null
}
---
[2026-05-09T23:37:43.371Z] LID NÃO RESOLVIDO (JID REAL NÃO ENCONTRADO): null
---
[2026-05-09T23:37:46.802Z] LID DETECTADO: 23961740038256@lid
---
[2026-05-09T23:37:46.819Z] {
  "msg": "RESPOSTA EVOLUTION RESOLVE LID",
  "contactInfo": null
}
---
[2026-05-09T23:37:46.821Z] LID NÃO RESOLVIDO (JID REAL NÃO ENCONTRADO): null
---
[2026-05-09T23:52:58.414Z] LID DETECTADO: 23961740038256@lid
---
[2026-05-09T23:52:58.550Z] {
  "msg": "RESPOSTA EVOLUTION RESOLVE LID",
  "contactInfo": null
}
---
[2026-05-09T23:52:58.550Z] LID NÃO RESOLVIDO (JID REAL NÃO ENCONTRADO): null
---
[2026-05-09T23:55:21.242Z] LID DETECTADO: 23961740038256@lid
---
[2026-05-09T23:55:22.190Z] {
  "msg": "RESPOSTA EVOLUTION RESOLVE LID",
  "contactInfo": null
}
---
[2026-05-09T23:55:22.190Z] LID NÃO RESOLVIDO (JID REAL NÃO ENCONTRADO): null
---
[2026-05-09T23:55:28.958Z] LID DETECTADO: 23961740038256@lid
---
[2026-05-09T23:55:29.046Z] {
  "msg": "RESPOSTA EVOLUTION RESOLVE LID",
  "contactInfo": null
}
---
[2026-05-09T23:55:29.046Z] LID NÃO RESOLVIDO (JID REAL NÃO ENCONTRADO): null
---
[2026-05-09T23:55:29.075Z] LID DETECTADO: 23961740038256@lid
---
[2026-05-09T23:55:29.153Z] {
  "msg": "RESPOSTA EVOLUTION RESOLVE LID",
  "contactInfo": null
}
---
[2026-05-09T23:55:29.154Z] LID NÃO RESOLVIDO (JID REAL NÃO ENCONTRADO): null
---
[2026-05-10T00:06:07.535Z] LID DETECTADO: 23961740038256@lid
---
[2026-05-10T00:06:07.607Z] {
  "msg": "RESPOSTA EVOLUTION RESOLVE LID",
  "contactInfo": null
}
---
[2026-05-10T00:06:07.607Z] LID NÃO RESOLVIDO (JID REAL NÃO ENCONTRADO): null
---
[2026-05-10T00:06:57.124Z] LID DETECTADO: 23961740038256@lid
---
[2026-05-10T00:06:57.173Z] {
  "msg": "RESPOSTA EVOLUTION RESOLVE LID",
  "contactInfo": null
}
---
[2026-05-10T00:06:57.173Z] LID NÃO RESOLVIDO (JID REAL NÃO ENCONTRADO): null
---
[2026-05-10T00:17:44.749Z] LID DETECTADO NO WEBHOOK: 23961740038256@lid
---
[2026-05-10T00:18:38.323Z] LID DETECTADO NO WEBHOOK: 23961740038256@lid
---
[2026-05-10T00:19:09.285Z] LID DETECTADO NO WEBHOOK: 23961740038256@lid
---
[2026-05-10T00:19:56.946Z] LID DETECTADO NO WEBHOOK: 23961740038256@lid
---
[2026-05-10T00:20:26.477Z] LID DETECTADO NO WEBHOOK: 23961740038256@lid
---
[2026-05-10T00:22:43.769Z] LID DETECTADO NO WEBHOOK: 23961740038256@lid
---
[2026-05-10T00:22:43.833Z] LID DETECTADO NO WEBHOOK: 23961740038256@lid
---
[2026-05-10T00:22:43.936Z] LID DETECTADO NO WEBHOOK: 23961740038256@lid
---
[2026-05-10T00:22:44.048Z] LID DETECTADO NO WEBHOOK: 23961740038256@lid
---
[2026-05-10T00:22:44.108Z] LID DETECTADO NO WEBHOOK: 23961740038256@lid
---
[2026-05-10T00:25:36.332Z] LID DETECTADO NO WEBHOOK: 23961740038256@lid
---
[2026-05-10T00:27:58.459Z] LID DETECTADO NO WEBHOOK: 23961740038256@lid
---
[2026-05-10T00:30:08.737Z] LID DETECTADO NO WEBHOOK: 23961740038256@lid
---
[2026-05-10T00:35:03.636Z] LID DETECTADO NO WEBHOOK: 23961740038256@lid
---
[2026-05-10T00:35:03.651Z] LID DETECTADO NO WEBHOOK: 23961740038256@lid
---
[2026-05-10T00:35:03.660Z] LID DETECTADO NO WEBHOOK: 23961740038256@lid
---
[2026-05-10T00:35:10.895Z] LID DETECTADO NO WEBHOOK: 128973656875044@lid
---
[2026-05-10T00:35:11.890Z] LID DETECTADO NO WEBHOOK: 128973656875044@lid
---
[2026-05-10T00:35:32.800Z] LID DETECTADO NO WEBHOOK: 23961740038256@lid
---
[2026-05-10T00:35:38.600Z] LID DETECTADO NO WEBHOOK: 23961740038256@lid
---
[2026-05-10T00:43:46.672Z] LID DETECTADO NO WEBHOOK: 23961740038256@lid
---
[2026-05-10T00:43:55.464Z] LID DETECTADO NO WEBHOOK: 23961740038256@lid
---
[2026-05-10T00:51:58.625Z] LID DETECTADO NO WEBHOOK: 23961740038256@lid
---
[2026-05-10T00:52:29.255Z] LID DETECTADO NO WEBHOOK: 23961740038256@lid
---
[2026-05-10T00:52:59.628Z] LID DETECTADO NO WEBHOOK: 23961740038256@lid
---
[2026-05-10T00:53:30.180Z] LID DETECTADO NO WEBHOOK: 23961740038256@lid
---
[2026-05-10T00:54:00.671Z] LID DETECTADO NO WEBHOOK: 23961740038256@lid
---
[2026-05-10T00:54:31.165Z] LID DETECTADO NO WEBHOOK: 23961740038256@lid
---
[2026-05-10T00:55:03.070Z] LID DETECTADO NO WEBHOOK: 23961740038256@lid
---
[2026-05-10T00:56:55.734Z] LID DETECTADO NO WEBHOOK: 23961740038256@lid
---
[2026-05-10T01:03:19.088Z] LID DETECTADO NO WEBHOOK: 23961740038256@lid
---
[2026-05-10T01:03:19.107Z] LID DETECTADO NO WEBHOOK: 23961740038256@lid
---
[2026-05-10T01:25:32.863Z] LID DETECTADO NO WEBHOOK: 70201374695579@lid
---
[2026-05-10T01:28:56.401Z] LID DETECTADO NO WEBHOOK: 23961740038256@lid
---
[2026-05-10T01:29:17.418Z] LID DETECTADO NO WEBHOOK: 23961740038256@lid
---
[2026-05-10T01:35:07.054Z] LID DETECTADO NO WEBHOOK: 23961740038256@lid
---
[2026-05-10T01:35:11.059Z] LID DETECTADO NO WEBHOOK: 23961740038256:11@lid
---
[2026-05-10T01:37:25.930Z] LID DETECTADO NO WEBHOOK: 23961740038256@lid
---
[2026-05-10T01:37:42.448Z] LID DETECTADO NO WEBHOOK: 23961740038256@lid
---
[2026-05-10T01:37:49.523Z] LID DETECTADO NO WEBHOOK: 23961740038256:11@lid
---
[2026-05-10T01:37:49.678Z] LID DETECTADO NO WEBHOOK: 23961740038256:11@lid
---
[2026-05-10T01:42:47.700Z] LID DETECTADO NO WEBHOOK: 70201374695579@lid
---
[2026-05-10T01:43:06.564Z] LID DETECTADO NO WEBHOOK: 70201374695579@lid
---
[2026-05-10T01:43:45.389Z] LID DETECTADO NO WEBHOOK: 23961740038256@lid
---
[2026-05-10T01:43:45.506Z] LID DETECTADO NO WEBHOOK: 23961740038256@lid
---
[2026-05-10T01:43:45.665Z] LID DETECTADO NO WEBHOOK: 23961740038256@lid
---
[2026-05-10T01:43:45.836Z] LID DETECTADO NO WEBHOOK: 23961740038256@lid
---
[2026-05-10T01:43:45.962Z] LID DETECTADO NO WEBHOOK: 23961740038256@lid
---
